<?xml version="1.0" encoding="UTF-8"?>
<!-- Generated by org.testng.reporters.JUnitReportReporter -->
<testsuite hostname="DESKTOP-M471DVV" failures="0" tests="2" name="day_43.AnnotationDemo2" time="0.037" errors="0" timestamp="2025-03-21T16:20:22 IST" skipped="0">
  <testcase classname="day_43.AnnotationDemo2" name="Search" time="0.023"/>
  <testcase classname="day_43.AnnotationDemo2" name="AdvSearch" time="0.014"/>
</testsuite> <!-- day_43.AnnotationDemo2 -->
