<?xml version="1.0" encoding="UTF-8"?>
<!-- Generated by org.testng.reporters.JUnitReportReporter -->
<testsuite hostname="DESKTOP-M471DVV" failures="0" tests="9" name="day_45.ParamTest" time="1.893" errors="0" timestamp="2025-03-25T18:00:47 IST" skipped="0">
  <testcase classname="day_45.ParamTest" name="testLogo" time="0.200"/>
  <testcase classname="day_45.ParamTest" name="testLogo" time="0.534"/>
  <testcase classname="day_45.ParamTest" name="testLogo" time="0.091"/>
  <testcase classname="day_45.ParamTest" name="testUrl" time="0.020"/>
  <testcase classname="day_45.ParamTest" name="testUrl" time="0.089"/>
  <testcase classname="day_45.ParamTest" name="testUrl" time="0.400"/>
  <testcase classname="day_45.ParamTest" name="testTitle" time="0.012"/>
  <testcase classname="day_45.ParamTest" name="testTitle" time="0.059"/>
  <testcase classname="day_45.ParamTest" name="testTitle" time="0.488"/>
</testsuite> <!-- day_45.ParamTest -->
