<?xml version="1.0" encoding="UTF-8"?>
<!-- Generated by org.testng.reporters.JUnitReportReporter -->
<testsuite hostname="DESKTOP-M471DVV" failures="0" tests="2" name="day_44.PaymentTest" time="0.038" errors="0" timestamp="2025-03-25T15:38:16 IST" skipped="0">
  <testcase classname="day_44.PaymentTest" name="PaymentByFaceBook" time="0.032"/>
  <testcase classname="day_44.PaymentTest" name="PaymentByTwitter" time="0.006"/>
</testsuite> <!-- day_44.PaymentTest -->
