<?xml version="1.0" encoding="UTF-8"?>
<!-- Generated by org.testng.reporters.JUnitReportReporter -->
<testsuite hostname="DESKTOP-M471DVV" failures="0" tests="3" name="day_44.SignupTest" time="0.028" errors="0" timestamp="2025-03-25T15:33:40 IST" skipped="0">
  <testcase classname="day_44.SignupTest" name="SignupByEmail" time="0.005"/>
  <testcase classname="day_44.SignupTest" name="SignupByFaceBook" time="0.012"/>
  <testcase classname="day_44.SignupTest" name="SignupByTwitter" time="0.011"/>
</testsuite> <!-- day_44.SignupTest -->
