<?xml version="1.0" encoding="UTF-8"?>
<!-- Generated by org.testng.reporters.JUnitReportReporter -->
<testsuite hostname="DESKTOP-M471DVV" failures="0" tests="3" name="day_42.FirstTestCase" time="0.096" errors="0" timestamp="2025-03-20T16:47:30 IST" skipped="0">
  <testcase classname="day_42.FirstTestCase" name="openapp" time="0.069"/>
  <testcase classname="day_42.FirstTestCase" name="logout" time="0.017"/>
  <testcase classname="day_42.FirstTestCase" name="login" time="0.010"/>
</testsuite> <!-- day_42.FirstTestCase -->
