<?xml version="1.0" encoding="UTF-8"?>
<!-- Generated by org.testng.reporters.JUnitReportReporter -->
<testsuite hostname="DESKTOP-M471DVV" failures="0" tests="3" name="day_44.LoginTest" time="0.062" errors="0" timestamp="2025-03-25T15:33:40 IST" skipped="0">
  <testcase classname="day_44.LoginTest" name="loginByEmail" time="0.039"/>
  <testcase classname="day_44.LoginTest" name="loginByFaceBook" time="0.016"/>
  <testcase classname="day_44.LoginTest" name="loginByTwitter" time="0.007"/>
</testsuite> <!-- day_44.LoginTest -->
