<?xml version="1.0" encoding="UTF-8"?>
<!-- Generated by org.testng.reporters.JUnitReportReporter -->
<testsuite hostname="DESKTOP-M471DVV" failures="0" tests="4" name="day_44.DeprndancyMethod" time="0.130" errors="0" timestamp="2025-03-25T12:52:30 IST" skipped="0">
  <testcase classname="day_44.DeprndancyMethod" name="openApp" time="0.093"/>
  <testcase classname="day_44.DeprndancyMethod" name="Login" time="0.029"/>
  <testcase classname="day_44.DeprndancyMethod" name="Search" time="0.005"/>
  <testcase classname="day_44.DeprndancyMethod" name="AdvSearch" time="0.003"/>
</testsuite> <!-- day_44.DeprndancyMethod -->
