<?xml version="1.0" encoding="UTF-8"?>
<!-- Generated by org.testng.reporters.JUnitReportReporter -->
<testsuite hostname="DESKTOP-M471DVV" failures="0" tests="2" name="day_43.pack.C2" time="0.039" errors="0" timestamp="2025-03-21T16:54:24 IST" skipped="0">
  <testcase classname="day_43.pack.C2" name="xyz" time="0.009"/>
  <testcase classname="day_43.pack.C2" name="xyz" time="0.030"/>
</testsuite> <!-- day_43.pack.C2 -->
