<?xml version="1.0" encoding="UTF-8"?>
<!-- Generated by org.testng.reporters.JUnitReportReporter -->
<testsuite hostname="DESKTOP-M471DVV" failures="0" tests="4" name="day_42.OrangeHMRTest" time="22.768" errors="0" timestamp="2025-03-20T17:11:28 IST" skipped="0">
  <testcase classname="day_42.OrangeHMRTest" name="openapp" time="19.259"/>
  <testcase classname="day_42.OrangeHMRTest" name="testlogo" time="1.484"/>
  <testcase classname="day_42.OrangeHMRTest" name="testlogin" time="0.880"/>
  <testcase classname="day_42.OrangeHMRTest" name="testlogout" time="1.145"/>
</testsuite> <!-- day_42.OrangeHMRTest -->
