<?xml version="1.0" encoding="UTF-8"?>
<!-- Generated by org.testng.reporters.JUnitReportReporter -->
<testsuite hostname="Dinesh" failures="0" tests="1" name="day_47.LoginTest" time="3.403" errors="0" timestamp="2025-03-26T21:21:39 IST" skipped="0">
  <testcase classname="day_47.LoginTest" name="testLogin" time="3.403"/>
</testsuite> <!-- day_47.LoginTest -->
