<?xml version="1.0" encoding="UTF-8"?>
<!-- Generated by org.testng.reporters.JUnitReportReporter -->
<testsuite hostname="DESKTOP-M471DVV" failures="0" tests="2" name="day_43.pack.C1" time="0.011" errors="0" timestamp="2025-03-21T16:54:24 IST" skipped="0">
  <testcase classname="day_43.pack.C1" name="abc" time="0.008"/>
  <testcase classname="day_43.pack.C1" name="abc" time="0.003"/>
</testsuite> <!-- day_43.pack.C1 -->
