<?xml version="1.0" encoding="UTF-8"?>
<!-- Generated by org.testng.reporters.JUnitReportReporter -->
<testsuite hostname="DESKTOP-M471DVV" failures="0" tests="1" name="day_43.pack.C3" time="0.011" errors="0" timestamp="2025-03-21T16:54:24 IST" skipped="0">
  <testcase classname="day_43.pack.C3" name="pqr" time="0.011"/>
</testsuite> <!-- day_43.pack.C3 -->
