<?xml version="1.0" encoding="UTF-8"?>
<!-- Generated by org.testng.reporters.JUnitReportReporter -->
<testsuite hostname="DESKTOP-M471DVV" failures="0" tests="2" name="day_43.AnnotationDemo" time="0.187" errors="0" timestamp="2025-03-21T15:55:28 IST" skipped="0">
  <testcase classname="day_43.AnnotationDemo" name="Search" time="0.095"/>
  <testcase classname="day_43.AnnotationDemo" name="AdvSearch" time="0.092"/>
</testsuite> <!-- day_43.AnnotationDemo -->
